[0mGET /aojnd [33m404[0m 16.944 ms - 144[0m
[0mGET /health [36m304[0m 5.105 ms - -[0m
[0mGET /api/products/page/1/size/5 [32m200[0m 38.775 ms - 931[0m
[0mGET /api/products/page/1/size/5 [32m200[0m 60.778 ms - 931[0m
[0mGET /api/products/63edba41d0972ffdf2d0bd26 [32m200[0m 45.001 ms - 4[0m
[0mGET /api/products [32m200[0m 25.736 ms - 931[0m
[0mGET /api/products/63f5b46b0ec5975e334160a6 [32m200[0m 15.802 ms - 178[0m
[0mPOST /api/review/63edc3ea30e93ccba5819239 [33m404[0m 5.008 ms - 175[0m
[0mPOST /api/review/63edc3ea30e93ccba5819239 [33m404[0m 68.098 ms - 175[0m
[0mPOST /api/review/63edc3ea30e93ccba5819239 [33m404[0m 3.506 ms - 175[0m
[0mPOST /api/reviews/63edc3ea30e93ccba5819239 [31m500[0m 43.526 ms - 21[0m
[0mPOST /api/reviews/63edc3ea30e93ccba5819239 [32m201[0m 52.983 ms - -[0m
[0mPOST /api/reviews/63edc3ea30e93ccba5819239 [32m201[0m 14.666 ms - -[0m
[0mPOST /api/reviews/63edc3ea30e93ccba5819239 [32m201[0m 9.973 ms - -[0m
[0mGET /api/products [32m200[0m 63.207 ms - 931[0m
[0mGET /api/products/63edc3ea30e93ccba5819239 [32m200[0m 14.904 ms - 172[0m
[0mGET /api/products/63edc3ea30e93ccba5819239 [32m200[0m 94.365 ms - 172[0m
[0mGET /api/products/63edc3ea30e93ccba5819239 [32m200[0m 108.925 ms - 172[0m
[0mGET /api/products/63edc3ea30e93ccba5819239 [32m200[0m 44.007 ms - 172[0m
[0mGET /api/products/63edc3ea30e93ccba5819239 [32m200[0m 36.574 ms - 172[0m
[0mGET /api/products/63edc3ea30e93ccba5819239 [32m200[0m 49.565 ms - 924[0m
[0mGET /api/products/ [32m200[0m 45.267 ms - 931[0m
[0mGET /api/products/? [32m200[0m 6.371 ms - 931[0m
[0mGET /api/products/63edc3ea30e93ccba5819239 [32m200[0m 18.554 ms - 924[0m
[0mPOST /api/reviews/63edc3ea30e93ccba5819239 [31m500[0m 27.499 ms - 21[0m
[0mPOST /api/reviews/63edc3ea30e93ccba5819239 [31m500[0m 51.621 ms - 21[0m
[0mGET /api/products [32m200[0m 83.123 ms - 56[0m
[0mGET /favicon.ico [33m404[0m 3.260 ms - 150[0m
[0mGET /api/products [36m304[0m 791.614 ms - -[0m
[0mGET /api/products [36m304[0m 62.522 ms - -[0m
[0mGET /api/products [32m200[0m 55.615 ms - 56[0m
[0mGET /favicon.ico [33m404[0m 9.271 ms - 150[0m
[0mGET /api/products/page/1/size/5 [32m200[0m 73.948 ms - 56[0m
[0mGET /favicon.ico [33m404[0m 9.562 ms - 150[0m
[0mGET /api/products/page/1/size/5 [36m304[0m 66.617 ms - -[0m
[0mGET /api/products/ [32m200[0m 35.583 ms - 119[0m
[0mGET /api/products/page/1/size/5 [36m304[0m 55.190 ms - -[0m
[0mGET /api/products/page/1/size/5 [36m304[0m 665.852 ms - -[0m
[0mGET /api/products/page/1/size/5 [31m500[0m 16.644 ms - 22[0m
[0mGET /api/products/page/1/size/5 [31m500[0m 57.357 ms - 22[0m
[0mGET /api/products/page/1/size/5 [31m500[0m 30.261 ms - 22[0m
[0mGET /api/products/page/1/size/5 [31m500[0m 57.624 ms - 22[0m
[0mGET /api/products/page/1/size/5 [31m500[0m 101.317 ms - 22[0m
[0mGET /api/products/page/1/size/5 [32m200[0m 68.516 ms - 173[0m
[0mPOST /api/products [32m201[0m 66.325 ms - -[0m
[0mGET /api/products/page/1/size/5 [32m200[0m 50.396 ms - 352[0m
[0mGET /api/products/page/1/size/5 [32m200[0m 47.435 ms - 234[0m
[0mGET /api/products/page/1/size/5 [36m304[0m 1086.393 ms - -[0m
[0mGET /api/products/page/1/size/5 [36m304[0m 45.647 ms - -[0m
[0mGET / [32m200[0m 12.971 ms - 12[0m
[0mGET /favicon.ico [33m404[0m 51.663 ms - 150[0m
[0mGET / [36m304[0m 1.500 ms - -[0m
[0mGET / [33m401[0m 2.912 ms - 13[0m
[0mGET / [36m304[0m 3.734 ms - -[0m
[0mGET /health [32m200[0m 1.710 ms - 15[0m
[0mGET /favicon.ico [33m401[0m 0.955 ms - 13[0m
[0mGET /api/products/page/1/size/5 [33m401[0m 0.889 ms - 13[0m
[0mGET /favicon.ico [33m401[0m 0.879 ms - 13[0m
[0mGET /api/products [33m401[0m 1.278 ms - 13[0m
[0mGET /api/products [33m401[0m 9.574 ms - 13[0m
[0mGET /api/products [33m401[0m 16.484 ms - 13[0m
[0mGET /api/products [33m401[0m 15.191 ms - 13[0m
[0mGET /api/products [32m200[0m 74.832 ms - 931[0m
[0mGET /api/products [0m-[0m - ms - -[0m
[0mGET /api/products [0m-[0m - ms - -[0m
[0mGET /api/products [32m200[0m 66.775 ms - 931[0m
[0mGET /api/products [33m401[0m 1.009 ms - 13[0m
[0mGET /api/products [33m401[0m 0.587 ms - 13[0m
[0mGET /api/products [32m200[0m 26.479 ms - 931[0m
[0mGET /api/products [32m200[0m 72.425 ms - 931[0m
[0mPOST /api/users/register [33m401[0m 4.100 ms - 13[0m
[0mPOST /api/users/register [32m201[0m 37.864 ms - -[0m
[0mPOST /api/users/register [32m201[0m 12.915 ms - -[0m
[0mPOST /api/users/register [32m201[0m 40.895 ms - -[0m
[0mPOST /api/users/register [31m500[0m 32.274 ms - -[0m
[0mPOST /api/users/register [33m400[0m 44.980 ms - 20[0m
[0mPOST /api/users/register [32m201[0m 76.609 ms - -[0m
[0mPOST /api/users/siginin [32m200[0m 87.662 ms - 276[0m
[0mPOST /api/users/siginin [32m200[0m 5.416 ms - 4[0m
[0mPOST /api/users/siginin [33m401[0m 31.555 ms - 24[0m
[0mPOST /api/users/siginin [32m200[0m 15.576 ms - 276[0m
[0mPOST /api/users/siginin [32m200[0m 61.337 ms - 147[0m
[0mPOST /api/users/siginin [32m200[0m 41.543 ms - 17[0m
[0mPOST /api/users/siginin [33m401[0m 11.084 ms - 23[0m
[0mPOST /api/users/siginin [32m200[0m 5.457 ms - 17[0m
[0mPOST /api/users/siginin [32m200[0m 53.371 ms - 217[0m
[0mPOST /api/users/siginin [32m200[0m 48.723 ms - 217[0m
[0mPOST /api/users/siginin [32m200[0m 37.525 ms - 217[0m
[0mGET /api/products [32m200[0m 27.628 ms - 931[0m
[0mGET /api/products [32m200[0m 37.107 ms - 931[0m
[0mGET /api/products [32m200[0m 55.502 ms - 931[0m
[0mGET /api/products [31m500[0m 6.646 ms - 1139[0m
[0mGET /api/products [31m500[0m 5.776 ms - 1139[0m
[0mGET /api/products [32m200[0m 66.422 ms - 931[0m
[0mGET /api/products [32m200[0m 61.641 ms - 931[0m
[0mGET /api/products [33m401[0m 3.610 ms - 12[0m
[0mGET /api/products [33m401[0m 4.065 ms - 12[0m
[0mGET /api/products [32m200[0m 45.026 ms - 931[0m
[0mGET /api/products [32m200[0m 43.841 ms - 931[0m
[0mGET /api/products [32m200[0m 15.380 ms - 931[0m
[0mPOST /api/users/siginin [32m200[0m 41.091 ms - 260[0m
[0mDELETE /api/products/63edc3ea30e93ccba5819239 [33m401[0m 9.985 ms - 12[0m
[0mDELETE /api/products/63edc3ea30e93ccba5819239 [32m200[0m 36.031 ms - -[0m
[0mGET /api/products [32m200[0m 30.790 ms - 930[0m
[0mPOST /api/users/siginin [32m200[0m 16.281 ms - 259[0m
[0mDELETE /api/products/63f5b46b0ec5975e334160a6 [33m403[0m 5.261 ms - 9[0m
